<?xml version="1.0" encoding="UTF-8" ?>
<testsuites>
  <testsuite errors="0" failures="0" hostname="Tomislav-PC" id="0" name="CStringTest" package="hr.fer.zemris.java.tecaj.hw3" skipped="0" tests="44" time="0.137" timestamp="2015-03-31T17:49:53">
      <properties>
[...]
</properties>

      <testcase classname="hr.fer.zemris.java.tecaj.hw3.CStringTest" name="toCharArrayTest" time="0.015" />

      <testcase classname="hr.fer.zemris.java.tecaj.hw3.CStringTest" name="indexOfTest_1" time="0.0" />

      <testcase classname="hr.fer.zemris.java.tecaj.hw3.CStringTest" name="indexOfTest_2" time="0.001" />

      <testcase classname="hr.fer.zemris.java.tecaj.hw3.CStringTest" name="indexOfTest_3" time="0.0" />

      <testcase classname="hr.fer.zemris.java.tecaj.hw3.CStringTest" name="containsTest_1" time="0.0" />

      <testcase classname="hr.fer.zemris.java.tecaj.hw3.CStringTest" name="containsTest_2" time="0.0" />

      <testcase classname="hr.fer.zemris.java.tecaj.hw3.CStringTest" name="containsTest_3" time="0.001" />

      <testcase classname="hr.fer.zemris.java.tecaj.hw3.CStringTest" name="containsTest_4" time="0.0" />

      <testcase classname="hr.fer.zemris.java.tecaj.hw3.CStringTest" name="rightTest_1" time="0.0" />

      <testcase classname="hr.fer.zemris.java.tecaj.hw3.CStringTest" name="rightTest_2" time="0.0" />

      <testcase classname="hr.fer.zemris.java.tecaj.hw3.CStringTest" name="rightTest_3" time="0.0" />

      <testcase classname="hr.fer.zemris.java.tecaj.hw3.CStringTest" name="substringTest_1" time="0.0" />

      <testcase classname="hr.fer.zemris.java.tecaj.hw3.CStringTest" name="substringTest_2" time="0.0" />

      <testcase classname="hr.fer.zemris.java.tecaj.hw3.CStringTest" name="substringTest_3" time="0.0" />

      <testcase classname="hr.fer.zemris.java.tecaj.hw3.CStringTest" name="substringTest_4" time="0.0" />

      <testcase classname="hr.fer.zemris.java.tecaj.hw3.CStringTest" name="replaceAllCharTest_1" time="0.0" />

      <testcase classname="hr.fer.zemris.java.tecaj.hw3.CStringTest" name="replaceAllCharTest_2" time="0.0" />

      <testcase classname="hr.fer.zemris.java.tecaj.hw3.CStringTest" name="addTest_1" time="0.001" />

      <testcase classname="hr.fer.zemris.java.tecaj.hw3.CStringTest" name="addTest_2" time="0.0" />

      <testcase classname="hr.fer.zemris.java.tecaj.hw3.CStringTest" name="cStringExceptionTest_1" time="0.001" />

      <testcase classname="hr.fer.zemris.java.tecaj.hw3.CStringTest" name="cStringExceptionTest_2" time="0.0" />

      <testcase classname="hr.fer.zemris.java.tecaj.hw3.CStringTest" name="cStringExceptionTest_3" time="0.0" />

      <testcase classname="hr.fer.zemris.java.tecaj.hw3.CStringTest" name="cStringExceptionTest_4" time="0.0" />

      <testcase classname="hr.fer.zemris.java.tecaj.hw3.CStringTest" name="cStringExceptionTest_5" time="0.0" />

      <testcase classname="hr.fer.zemris.java.tecaj.hw3.CStringTest" name="cStringExceptionTest_6" time="0.0" />

      <testcase classname="hr.fer.zemris.java.tecaj.hw3.CStringTest" name="cStringExceptionTest_7" time="0.0" />

      <testcase classname="hr.fer.zemris.java.tecaj.hw3.CStringTest" name="charAtTest" time="0.001" />

      <testcase classname="hr.fer.zemris.java.tecaj.hw3.CStringTest" name="toStringTest" time="0.0" />

      <testcase classname="hr.fer.zemris.java.tecaj.hw3.CStringTest" name="startsWithTest_1" time="0.0" />

      <testcase classname="hr.fer.zemris.java.tecaj.hw3.CStringTest" name="startsWithTest_2" time="0.0" />

      <testcase classname="hr.fer.zemris.java.tecaj.hw3.CStringTest" name="startsWithTest_3" time="0.0" />

      <testcase classname="hr.fer.zemris.java.tecaj.hw3.CStringTest" name="lengthTest" time="0.0" />

      <testcase classname="hr.fer.zemris.java.tecaj.hw3.CStringTest" name="replaceAllStringTest_1" time="0.0" />

      <testcase classname="hr.fer.zemris.java.tecaj.hw3.CStringTest" name="replaceAllStringTest_2" time="0.001" />

      <testcase classname="hr.fer.zemris.java.tecaj.hw3.CStringTest" name="constructorTest_1" time="0.0" />

      <testcase classname="hr.fer.zemris.java.tecaj.hw3.CStringTest" name="constructorTest_2" time="0.0" />

      <testcase classname="hr.fer.zemris.java.tecaj.hw3.CStringTest" name="constructorTest_3" time="0.0" />

      <testcase classname="hr.fer.zemris.java.tecaj.hw3.CStringTest" name="constructorTest_4" time="0.0" />

      <testcase classname="hr.fer.zemris.java.tecaj.hw3.CStringTest" name="endsWithTest_1" time="0.0" />

      <testcase classname="hr.fer.zemris.java.tecaj.hw3.CStringTest" name="endsWithTest_2" time="0.0" />

      <testcase classname="hr.fer.zemris.java.tecaj.hw3.CStringTest" name="endsWithTest_3" time="0.0" />

      <testcase classname="hr.fer.zemris.java.tecaj.hw3.CStringTest" name="leftTest_1" time="0.0" />

      <testcase classname="hr.fer.zemris.java.tecaj.hw3.CStringTest" name="leftTest_2" time="0.0" />

      <testcase classname="hr.fer.zemris.java.tecaj.hw3.CStringTest" name="leftTest_3" time="0.0" />

      <system-out><![CDATA[]]></system-out>

      <system-err><![CDATA[]]></system-err>

  </testsuite>
  <testsuite errors="0" failures="0" hostname="Tomislav-PC" id="1" name="ComplexNumberTest" package="hr.fer.zemris.java.tecaj.hw3" skipped="0" tests="18" time="0.033" timestamp="2015-03-31T17:49:53">
      <properties>
[...]
</properties>

      <testcase classname="hr.fer.zemris.java.tecaj.hw3.ComplexNumberTest" name="subTest" time="0.003" />

      <testcase classname="hr.fer.zemris.java.tecaj.hw3.ComplexNumberTest" name="parseImaginaryOnlyTest" time="0.0" />

      <testcase classname="hr.fer.zemris.java.tecaj.hw3.ComplexNumberTest" name="addTest" time="0.001" />

      <testcase classname="hr.fer.zemris.java.tecaj.hw3.ComplexNumberTest" name="getMagnitudeTest" time="0.0" />

      <testcase classname="hr.fer.zemris.java.tecaj.hw3.ComplexNumberTest" name="getAngleTest" time="0.0" />

      <testcase classname="hr.fer.zemris.java.tecaj.hw3.ComplexNumberTest" name="rootTest" time="0.001" />

      <testcase classname="hr.fer.zemris.java.tecaj.hw3.ComplexNumberTest" name="fromImaginaryTest" time="0.0" />

      <testcase classname="hr.fer.zemris.java.tecaj.hw3.ComplexNumberTest" name="parseRealOnlyTest" time="0.001" />

      <testcase classname="hr.fer.zemris.java.tecaj.hw3.ComplexNumberTest" name="powerTest" time="0.0" />

      <testcase classname="hr.fer.zemris.java.tecaj.hw3.ComplexNumberTest" name="fromRealTest" time="0.0" />

      <testcase classname="hr.fer.zemris.java.tecaj.hw3.ComplexNumberTest" name="parseCompleteTest" time="0.001" />

      <testcase classname="hr.fer.zemris.java.tecaj.hw3.ComplexNumberTest" name="mulTest" time="0.0" />

      <testcase classname="hr.fer.zemris.java.tecaj.hw3.ComplexNumberTest" name="divTest" time="0.001" />

      <testcase classname="hr.fer.zemris.java.tecaj.hw3.ComplexNumberTest" name="complexNumberExceptionTest_1" time="0.0" />

      <testcase classname="hr.fer.zemris.java.tecaj.hw3.ComplexNumberTest" name="complexNumberExceptionTest_2" time="0.001" />

      <testcase classname="hr.fer.zemris.java.tecaj.hw3.ComplexNumberTest" name="complexNumberExceptionTest_3" time="0.0" />

      <testcase classname="hr.fer.zemris.java.tecaj.hw3.ComplexNumberTest" name="complexNumberExceptionTest_4" time="0.0" />

      <testcase classname="hr.fer.zemris.java.tecaj.hw3.ComplexNumberTest" name="fromMagnitudeAndAngleTest" time="0.0" />

      <system-out><![CDATA[]]></system-out>

      <system-err><![CDATA[]]></system-err>

  </testsuite>
</testsuites>
